<?xml version="1.0" ?>
<!DOCTYPE coverage SYSTEM "http://cobertura.sourceforge.net/xml/coverage-04.dtd">
<coverage lines-valid="288" lines-covered="277" line-rate="0.9618000000000001" branches-valid="227" branches-covered="194" branch-rate="0.8545999999999999" timestamp="1709336756113" complexity="0" version="0.1">
  <sources>
    <source>/home/sean/Documentos/OWN/rest-data-validator</source>
  </sources>
  <packages>
    <package name="src" line-rate="1" branch-rate="1">
      <classes>
        <class name="index.ts" filename="src/index.ts" line-rate="1" branch-rate="1">
          <methods>
            <method name="(anonymous_0)" hits="16" signature="()V">
              <lines>
                <line number="1" hits="16"/>
              </lines>
            </method>
            <method name="(anonymous_1)" hits="5" signature="()V">
              <lines>
                <line number="2" hits="5"/>
              </lines>
            </method>
            <method name="(anonymous_2)" hits="12" signature="()V">
              <lines>
                <line number="3" hits="12"/>
              </lines>
            </method>
            <method name="(anonymous_3)" hits="6" signature="()V">
              <lines>
                <line number="4" hits="6"/>
              </lines>
            </method>
            <method name="(anonymous_4)" hits="8" signature="()V">
              <lines>
                <line number="5" hits="8"/>
              </lines>
            </method>
            <method name="(anonymous_5)" hits="10" signature="()V">
              <lines>
                <line number="6" hits="10"/>
              </lines>
            </method>
            <method name="(anonymous_6)" hits="9" signature="()V">
              <lines>
                <line number="7" hits="9"/>
              </lines>
            </method>
            <method name="(anonymous_7)" hits="8" signature="()V">
              <lines>
                <line number="8" hits="8"/>
              </lines>
            </method>
            <method name="(anonymous_8)" hits="7" signature="()V">
              <lines>
                <line number="9" hits="7"/>
              </lines>
            </method>
            <method name="(anonymous_9)" hits="0" signature="()V">
              <lines>
                <line number="11" hits="0"/>
              </lines>
            </method>
            <method name="(anonymous_10)" hits="11" signature="()V">
              <lines>
                <line number="12" hits="11"/>
              </lines>
            </method>
            <method name="(anonymous_11)" hits="1" signature="()V">
              <lines>
                <line number="13" hits="1"/>
              </lines>
            </method>
            <method name="(anonymous_12)" hits="1" signature="()V">
              <lines>
                <line number="14" hits="1"/>
              </lines>
            </method>
            <method name="(anonymous_13)" hits="1" signature="()V">
              <lines>
                <line number="15" hits="1"/>
              </lines>
            </method>
            <method name="(anonymous_14)" hits="2" signature="()V">
              <lines>
                <line number="16" hits="2"/>
              </lines>
            </method>
            <method name="(anonymous_15)" hits="1" signature="()V">
              <lines>
                <line number="17" hits="1"/>
              </lines>
            </method>
            <method name="(anonymous_16)" hits="2" signature="()V">
              <lines>
                <line number="18" hits="2"/>
              </lines>
            </method>
            <method name="(anonymous_17)" hits="2" signature="()V">
              <lines>
                <line number="19" hits="2"/>
              </lines>
            </method>
            <method name="(anonymous_18)" hits="2" signature="()V">
              <lines>
                <line number="20" hits="2"/>
              </lines>
            </method>
            <method name="(anonymous_19)" hits="2" signature="()V">
              <lines>
                <line number="21" hits="2"/>
              </lines>
            </method>
            <method name="(anonymous_20)" hits="0" signature="()V">
              <lines>
                <line number="23" hits="0"/>
              </lines>
            </method>
            <method name="(anonymous_21)" hits="0" signature="()V">
              <lines>
                <line number="24" hits="0"/>
              </lines>
            </method>
          </methods>
          <lines>
            <line number="1" hits="34" branch="false"/>
            <line number="2" hits="23" branch="false"/>
            <line number="3" hits="30" branch="false"/>
            <line number="4" hits="24" branch="false"/>
            <line number="5" hits="26" branch="false"/>
            <line number="6" hits="28" branch="false"/>
            <line number="7" hits="27" branch="false"/>
            <line number="8" hits="26" branch="false"/>
            <line number="9" hits="25" branch="false"/>
            <line number="11" hits="18" branch="false"/>
            <line number="12" hits="29" branch="false"/>
            <line number="13" hits="19" branch="false"/>
            <line number="14" hits="19" branch="false"/>
            <line number="15" hits="19" branch="false"/>
            <line number="16" hits="20" branch="false"/>
            <line number="17" hits="19" branch="false"/>
            <line number="18" hits="20" branch="false"/>
            <line number="19" hits="20" branch="false"/>
            <line number="20" hits="20" branch="false"/>
            <line number="21" hits="20" branch="false"/>
            <line number="23" hits="18" branch="false"/>
            <line number="24" hits="18" branch="false"/>
          </lines>
        </class>
      </classes>
    </package>
    <package name="src.decorators" line-rate="0.9642000000000001" branch-rate="1">
      <classes>
        <class name="ArrayValidator.ts" filename="src/decorators/ArrayValidator.ts" line-rate="1" branch-rate="1">
          <methods>
            <method name="Array" hits="1" signature="()V">
              <lines>
                <line number="5" hits="1"/>
              </lines>
            </method>
            <method name="(anonymous_1)" hits="1" signature="()V">
              <lines>
                <line number="6" hits="1"/>
              </lines>
            </method>
          </methods>
          <lines>
            <line number="1" hits="18" branch="false"/>
            <line number="3" hits="18" branch="false"/>
            <line number="5" hits="18" branch="false"/>
            <line number="6" hits="1" branch="false"/>
            <line number="7" hits="1" branch="false"/>
          </lines>
        </class>
        <class name="ClassValidator.ts" filename="src/decorators/ClassValidator.ts" line-rate="1" branch-rate="1">
          <methods>
            <method name="ClassValidator" hits="11" signature="()V">
              <lines>
                <line number="3" hits="11"/>
              </lines>
            </method>
            <method name="(anonymous_1)" hits="43" signature="()V">
              <lines>
                <line number="5" hits="43"/>
              </lines>
            </method>
          </methods>
          <lines>
            <line number="1" hits="18" branch="false"/>
            <line number="3" hits="18" branch="false"/>
            <line number="4" hits="11" branch="false"/>
            <line number="6" hits="43" branch="false"/>
            <line number="7" hits="43" branch="false"/>
            <line number="8" hits="43" branch="true" condition-coverage="100% (3/3)"/>
            <line number="9" hits="26" branch="false"/>
          </lines>
        </class>
        <class name="DateValidator.ts" filename="src/decorators/DateValidator.ts" line-rate="1" branch-rate="1">
          <methods>
            <method name="Date" hits="1" signature="()V">
              <lines>
                <line number="5" hits="1"/>
              </lines>
            </method>
            <method name="(anonymous_1)" hits="1" signature="()V">
              <lines>
                <line number="6" hits="1"/>
              </lines>
            </method>
          </methods>
          <lines>
            <line number="1" hits="18" branch="false"/>
            <line number="3" hits="18" branch="false"/>
            <line number="5" hits="18" branch="false"/>
            <line number="6" hits="1" branch="false"/>
            <line number="7" hits="1" branch="false"/>
          </lines>
        </class>
        <class name="DomainValidator.ts" filename="src/decorators/DomainValidator.ts" line-rate="1" branch-rate="1">
          <methods>
            <method name="Domain" hits="1" signature="()V">
              <lines>
                <line number="5" hits="1"/>
              </lines>
            </method>
            <method name="(anonymous_1)" hits="1" signature="()V">
              <lines>
                <line number="6" hits="1"/>
              </lines>
            </method>
          </methods>
          <lines>
            <line number="1" hits="18" branch="false"/>
            <line number="3" hits="18" branch="false"/>
            <line number="5" hits="18" branch="false"/>
            <line number="6" hits="1" branch="false"/>
            <line number="7" hits="1" branch="false"/>
          </lines>
        </class>
        <class name="EnumValidator.ts" filename="src/decorators/EnumValidator.ts" line-rate="1" branch-rate="1">
          <methods>
            <method name="Enum" hits="2" signature="()V">
              <lines>
                <line number="5" hits="2"/>
              </lines>
            </method>
            <method name="(anonymous_1)" hits="2" signature="()V">
              <lines>
                <line number="6" hits="2"/>
              </lines>
            </method>
          </methods>
          <lines>
            <line number="1" hits="18" branch="false"/>
            <line number="3" hits="18" branch="false"/>
            <line number="5" hits="18" branch="false"/>
            <line number="6" hits="2" branch="false"/>
            <line number="7" hits="2" branch="false"/>
          </lines>
        </class>
        <class name="FileValidator.ts" filename="src/decorators/FileValidator.ts" line-rate="1" branch-rate="1">
          <methods>
            <method name="File" hits="1" signature="()V">
              <lines>
                <line number="5" hits="1"/>
              </lines>
            </method>
            <method name="(anonymous_1)" hits="1" signature="()V">
              <lines>
                <line number="6" hits="1"/>
              </lines>
            </method>
          </methods>
          <lines>
            <line number="1" hits="18" branch="false"/>
            <line number="3" hits="18" branch="false"/>
            <line number="5" hits="18" branch="false"/>
            <line number="6" hits="1" branch="false"/>
            <line number="7" hits="1" branch="false"/>
          </lines>
        </class>
        <class name="NumberValidator.ts" filename="src/decorators/NumberValidator.ts" line-rate="1" branch-rate="1">
          <methods>
            <method name="Number" hits="2" signature="()V">
              <lines>
                <line number="5" hits="2"/>
              </lines>
            </method>
            <method name="(anonymous_1)" hits="2" signature="()V">
              <lines>
                <line number="6" hits="2"/>
              </lines>
            </method>
          </methods>
          <lines>
            <line number="1" hits="18" branch="false"/>
            <line number="3" hits="18" branch="false"/>
            <line number="5" hits="18" branch="false"/>
            <line number="6" hits="2" branch="false"/>
            <line number="7" hits="2" branch="false"/>
          </lines>
        </class>
        <class name="RangeValidator.ts" filename="src/decorators/RangeValidator.ts" line-rate="1" branch-rate="1">
          <methods>
            <method name="Range" hits="2" signature="()V">
              <lines>
                <line number="5" hits="2"/>
              </lines>
            </method>
            <method name="(anonymous_1)" hits="2" signature="()V">
              <lines>
                <line number="6" hits="2"/>
              </lines>
            </method>
          </methods>
          <lines>
            <line number="1" hits="18" branch="false"/>
            <line number="3" hits="18" branch="false"/>
            <line number="5" hits="18" branch="false"/>
            <line number="6" hits="2" branch="false"/>
            <line number="7" hits="2" branch="false"/>
          </lines>
        </class>
        <class name="RegexValidator.ts" filename="src/decorators/RegexValidator.ts" line-rate="1" branch-rate="1">
          <methods>
            <method name="Regex" hits="2" signature="()V">
              <lines>
                <line number="5" hits="2"/>
              </lines>
            </method>
            <method name="(anonymous_1)" hits="2" signature="()V">
              <lines>
                <line number="6" hits="2"/>
              </lines>
            </method>
          </methods>
          <lines>
            <line number="1" hits="18" branch="false"/>
            <line number="3" hits="18" branch="false"/>
            <line number="5" hits="18" branch="false"/>
            <line number="6" hits="2" branch="false"/>
            <line number="7" hits="2" branch="false"/>
          </lines>
        </class>
        <class name="Required.ts" filename="src/decorators/Required.ts" line-rate="0.5" branch-rate="1">
          <methods>
            <method name="Required" hits="0" signature="()V">
              <lines>
                <line number="4" hits="0"/>
              </lines>
            </method>
            <method name="(anonymous_1)" hits="0" signature="()V">
              <lines>
                <line number="5" hits="0"/>
              </lines>
            </method>
          </methods>
          <lines>
            <line number="2" hits="18" branch="false"/>
            <line number="4" hits="18" branch="false"/>
            <line number="5" hits="0" branch="false"/>
            <line number="6" hits="0" branch="false"/>
          </lines>
        </class>
        <class name="StringValidator.ts" filename="src/decorators/StringValidator.ts" line-rate="1" branch-rate="1">
          <methods>
            <method name="String" hits="2" signature="()V">
              <lines>
                <line number="5" hits="2"/>
              </lines>
            </method>
            <method name="(anonymous_1)" hits="2" signature="()V">
              <lines>
                <line number="6" hits="2"/>
              </lines>
            </method>
          </methods>
          <lines>
            <line number="1" hits="18" branch="false"/>
            <line number="3" hits="18" branch="false"/>
            <line number="5" hits="18" branch="false"/>
            <line number="6" hits="2" branch="false"/>
            <line number="7" hits="2" branch="false"/>
          </lines>
        </class>
      </classes>
    </package>
    <package name="src.utils.date" line-rate="1" branch-rate="1">
      <classes>
        <class name="DateValidation.ts" filename="src/utils/date/DateValidation.ts" line-rate="1" branch-rate="1">
          <methods>
            <method name="isValidDate" hits="4" signature="()V">
              <lines>
                <line number="8" hits="4"/>
              </lines>
            </method>
          </methods>
          <lines>
            <line number="8" hits="19" branch="false"/>
            <line number="10" hits="4" branch="false"/>
            <line number="12" hits="4" branch="true" condition-coverage="100% (1/1)"/>
            <line number="13" hits="2" branch="false"/>
            <line number="17" hits="2" branch="false"/>
            <line number="18" hits="2" branch="false"/>
            <line number="21" hits="2" branch="true" condition-coverage="100% (4/4)"/>
            <line number="22" hits="1" branch="false"/>
            <line number="25" hits="1" branch="false"/>
          </lines>
        </class>
      </classes>
    </package>
    <package name="src.utils.validations" line-rate="0.9111" branch-rate="0.9285">
      <classes>
        <class name="MetadataKeys.ts" filename="src/utils/validations/MetadataKeys.ts" line-rate="1" branch-rate="1">
          <methods>
          </methods>
          <lines>
            <line number="1" hits="18" branch="false"/>
          </lines>
        </class>
        <class name="ValidationMetadata.ts" filename="src/utils/validations/ValidationMetadata.ts" line-rate="0.6" branch-rate="1">
          <methods>
            <method name="(anonymous_0)" hits="0" signature="()V">
              <lines>
                <line number="6" hits="0"/>
              </lines>
            </method>
            <method name="(anonymous_1)" hits="0" signature="()V">
              <lines>
                <line number="11" hits="0"/>
              </lines>
            </method>
          </methods>
          <lines>
            <line number="1" hits="18" branch="false"/>
            <line number="2" hits="18" branch="false"/>
            <line number="4" hits="18" branch="false"/>
            <line number="7" hits="0" branch="false"/>
            <line number="12" hits="0" branch="false"/>
          </lines>
        </class>
        <class name="ValidationUtils.ts" filename="src/utils/validations/ValidationUtils.ts" line-rate="0.9487000000000001" branch-rate="0.9285">
          <methods>
            <method name="(anonymous_0)" hits="43" signature="()V">
              <lines>
                <line number="15" hits="43"/>
              </lines>
            </method>
          </methods>
          <lines>
            <line number="3" hits="18" branch="false"/>
            <line number="4" hits="18" branch="false"/>
            <line number="5" hits="18" branch="false"/>
            <line number="6" hits="18" branch="false"/>
            <line number="7" hits="18" branch="false"/>
            <line number="8" hits="18" branch="false"/>
            <line number="9" hits="18" branch="false"/>
            <line number="10" hits="18" branch="false"/>
            <line number="11" hits="18" branch="false"/>
            <line number="12" hits="18" branch="false"/>
            <line number="14" hits="18" branch="false"/>
            <line number="16" hits="43" branch="false"/>
            <line number="17" hits="43" branch="false"/>
            <line number="18" hits="57" branch="false"/>
            <line number="19" hits="57" branch="true" condition-coverage="100% (1/1)"/>
            <line number="23" hits="57" branch="true" condition-coverage="90% (9/10)"/>
            <line number="25" hits="6" branch="false"/>
            <line number="26" hits="6" branch="false"/>
            <line number="28" hits="2" branch="false"/>
            <line number="29" hits="2" branch="false"/>
            <line number="31" hits="2" branch="false"/>
            <line number="32" hits="2" branch="false"/>
            <line number="34" hits="11" branch="false"/>
            <line number="35" hits="11" branch="false"/>
            <line number="37" hits="3" branch="false"/>
            <line number="38" hits="3" branch="false"/>
            <line number="40" hits="8" branch="false"/>
            <line number="41" hits="8" branch="false"/>
            <line number="43" hits="6" branch="false"/>
            <line number="44" hits="6" branch="false"/>
            <line number="46" hits="5" branch="false"/>
            <line number="47" hits="5" branch="false"/>
            <line number="49" hits="14" branch="false"/>
            <line number="50" hits="14" branch="false"/>
            <line number="52" hits="0" branch="false"/>
            <line number="53" hits="0" branch="false"/>
            <line number="57" hits="57" branch="true" condition-coverage="100% (3/3)"/>
            <line number="58" hits="26" branch="false"/>
            <line number="62" hits="43" branch="false"/>
          </lines>
        </class>
      </classes>
    </package>
    <package name="src.validators" line-rate="0.9679000000000001" branch-rate="0.8439">
      <classes>
        <class name="ValidateArray.ts" filename="src/validators/ValidateArray.ts" line-rate="1" branch-rate="0.8823000000000001">
          <methods>
            <method name="(anonymous_0)" hits="22" signature="()V">
              <lines>
                <line number="3" hits="22"/>
              </lines>
            </method>
            <method name="(anonymous_1)" hits="29" signature="()V">
              <lines>
                <line number="38" hits="29"/>
              </lines>
            </method>
          </methods>
          <lines>
            <line number="3" hits="18" branch="false"/>
            <line number="7" hits="22" branch="false"/>
            <line number="10" hits="22" branch="true" condition-coverage="100% (1/1)"/>
            <line number="11" hits="1" branch="false"/>
            <line number="12" hits="1" branch="false"/>
            <line number="19" hits="21" branch="true" condition-coverage="100% (3/3)"/>
            <line number="20" hits="3" branch="false"/>
            <line number="24" hits="21" branch="true" condition-coverage="100% (3/3)"/>
            <line number="25" hits="3" branch="false"/>
            <line number="29" hits="21" branch="true" condition-coverage="100% (1/1)"/>
            <line number="30" hits="9" branch="false"/>
            <line number="31" hits="9" branch="true" condition-coverage="100% (1/1)"/>
            <line number="32" hits="3" branch="false"/>
            <line number="37" hits="21" branch="true" condition-coverage="100% (1/1)"/>
            <line number="38" hits="10" branch="false"/>
            <line number="40" hits="29" branch="true" condition-coverage="50% (1/2)"/>
            <line number="41" hits="29" branch="true" condition-coverage="100% (3/3)"/>
            <line number="42" hits="5" branch="true" condition-coverage="100% (1/1)"/>
            <line number="43" hits="5" branch="false"/>
            <line number="49" hits="21" branch="false"/>
          </lines>
        </class>
        <class name="ValidateDate.ts" filename="src/validators/ValidateDate.ts" line-rate="1" branch-rate="0.8887999999999999">
          <methods>
            <method name="(anonymous_0)" hits="7" signature="()V">
              <lines>
                <line number="4" hits="7"/>
              </lines>
            </method>
          </methods>
          <lines>
            <line number="4" hits="18" branch="false"/>
            <line number="8" hits="7" branch="false"/>
            <line number="9" hits="7" branch="false"/>
            <line number="12" hits="7" branch="true" condition-coverage="100% (2/2)"/>
            <line number="13" hits="2" branch="false"/>
            <line number="16" hits="5" branch="true" condition-coverage="100% (3/3)"/>
            <line number="17" hits="1" branch="false"/>
            <line number="21" hits="5" branch="true" condition-coverage="100% (3/3)"/>
            <line number="22" hits="1" branch="false"/>
            <line number="26" hits="7" branch="false"/>
          </lines>
        </class>
        <class name="ValidateDomain.ts" filename="src/validators/ValidateDomain.ts" line-rate="0.9473" branch-rate="0.8055">
          <methods>
            <method name="(anonymous_0)" hits="14" signature="()V">
              <lines>
                <line number="19" hits="14"/>
              </lines>
            </method>
            <method name="(anonymous_1)" hits="4" signature="()V">
              <lines>
                <line number="26" hits="4"/>
              </lines>
            </method>
          </methods>
          <lines>
            <line number="3" hits="18" branch="false"/>
            <line number="6" hits="18" branch="false"/>
            <line number="17" hits="18" branch="false"/>
            <line number="19" hits="18" branch="false"/>
            <line number="23" hits="14" branch="false"/>
            <line number="26" hits="14" branch="false"/>
            <line number="27" hits="4" branch="false"/>
            <line number="28" hits="4" branch="false"/>
            <line number="29" hits="3" branch="false"/>
            <line number="30" hits="2" branch="false"/>
            <line number="31" hits="2" branch="true" condition-coverage="0% (0/1)"/>
            <line number="32" hits="0" branch="false"/>
            <line number="34" hits="2" branch="false"/>
            <line number="36" hits="2" branch="false"/>
            <line number="40" hits="14" branch="true" condition-coverage="100% (1/1)"/>
            <line number="41" hits="4" branch="false"/>
            <line number="42" hits="4" branch="false"/>
            <line number="44" hits="4" branch="true" condition-coverage="100% (2/2)"/>
            <line number="45" hits="1" branch="false"/>
            <line number="46" hits="3" branch="true" condition-coverage="100% (3/3)"/>
            <line number="47" hits="1" branch="false"/>
            <line number="51" hits="14" branch="true" condition-coverage="80% (4/5)"/>
            <line number="53" hits="2" branch="true" condition-coverage="100% (1/1)"/>
            <line number="54" hits="1" branch="false"/>
            <line number="56" hits="2" branch="false"/>
            <line number="58" hits="4" branch="true" condition-coverage="100% (1/1)"/>
            <line number="59" hits="1" branch="false"/>
            <line number="61" hits="4" branch="false"/>
            <line number="63" hits="6" branch="true" condition-coverage="100% (6/6)"/>
            <line number="66" hits="4" branch="true" condition-coverage="100% (1/1)"/>
            <line number="67" hits="2" branch="false"/>
            <line number="69" hits="4" branch="false"/>
            <line number="72" hits="2" branch="true" condition-coverage="83.33333333333334% (5/6)"/>
            <line number="75" hits="2" branch="true" condition-coverage="100% (1/1)"/>
            <line number="76" hits="1" branch="false"/>
            <line number="78" hits="2" branch="false"/>
            <line number="80" hits="0" branch="false"/>
            <line number="83" hits="12" branch="false"/>
          </lines>
        </class>
        <class name="ValidateEnum.ts" filename="src/validators/ValidateEnum.ts" line-rate="1" branch-rate="1">
          <methods>
            <method name="(anonymous_0)" hits="17" signature="()V">
              <lines>
                <line number="4" hits="17"/>
              </lines>
            </method>
          </methods>
          <lines>
            <line number="4" hits="18" branch="false"/>
            <line number="5" hits="17" branch="false"/>
            <line number="7" hits="17" branch="true" condition-coverage="100% (1/1)"/>
            <line number="8" hits="13" branch="true" condition-coverage="100% (2/2)"/>
            <line number="11" hits="17" branch="false"/>
          </lines>
        </class>
        <class name="ValidateFile.ts" filename="src/validators/ValidateFile.ts" line-rate="1" branch-rate="0.9642000000000001">
          <methods>
            <method name="(anonymous_0)" hits="11" signature="()V">
              <lines>
                <line number="5" hits="11"/>
              </lines>
            </method>
          </methods>
          <lines>
            <line number="5" hits="18" branch="false"/>
            <line number="9" hits="11" branch="false"/>
            <line number="12" hits="11" branch="true" condition-coverage="100% (3/3)"/>
            <line number="13" hits="2" branch="false"/>
            <line number="17" hits="11" branch="true" condition-coverage="100% (3/3)"/>
            <line number="18" hits="2" branch="false"/>
            <line number="22" hits="11" branch="true" condition-coverage="100% (3/3)"/>
            <line number="23" hits="1" branch="false"/>
            <line number="27" hits="11" branch="true" condition-coverage="75% (3/4)"/>
            <line number="28" hits="11" branch="true" condition-coverage="100% (4/4)"/>
            <line number="29" hits="1" branch="false"/>
            <line number="33" hits="11" branch="true" condition-coverage="100% (4/4)"/>
            <line number="34" hits="1" branch="false"/>
            <line number="38" hits="11" branch="true" condition-coverage="100% (3/3)"/>
            <line number="39" hits="1" branch="false"/>
            <line number="44" hits="11" branch="true" condition-coverage="100% (3/3)"/>
            <line number="45" hits="1" branch="false"/>
            <line number="48" hits="11" branch="false"/>
          </lines>
        </class>
        <class name="ValidateNumber.ts" filename="src/validators/ValidateNumber.ts" line-rate="1" branch-rate="0.9642000000000001">
          <methods>
            <method name="(anonymous_0)" hits="18" signature="()V">
              <lines>
                <line number="4" hits="18"/>
              </lines>
            </method>
          </methods>
          <lines>
            <line number="4" hits="18" branch="false"/>
            <line number="8" hits="18" branch="false"/>
            <line number="11" hits="18" branch="true" condition-coverage="100% (3/3)"/>
            <line number="12" hits="2" branch="false"/>
            <line number="15" hits="18" branch="true" condition-coverage="100% (3/3)"/>
            <line number="16" hits="1" branch="false"/>
            <line number="19" hits="18" branch="true" condition-coverage="100% (3/3)"/>
            <line number="20" hits="2" branch="false"/>
            <line number="23" hits="18" branch="true" condition-coverage="100% (3/3)"/>
            <line number="24" hits="2" branch="false"/>
            <line number="27" hits="18" branch="true" condition-coverage="100% (3/3)"/>
            <line number="28" hits="1" branch="false"/>
            <line number="31" hits="18" branch="true" condition-coverage="100% (3/3)"/>
            <line number="32" hits="1" branch="false"/>
            <line number="35" hits="18" branch="true" condition-coverage="100% (3/3)"/>
            <line number="36" hits="1" branch="false"/>
            <line number="39" hits="18" branch="true" condition-coverage="100% (3/3)"/>
            <line number="40" hits="1" branch="false"/>
            <line number="43" hits="18" branch="true" condition-coverage="100% (3/3)"/>
            <line number="44" hits="1" branch="false"/>
            <line number="47" hits="18" branch="false"/>
          </lines>
        </class>
        <class name="ValidateRange.ts" filename="src/validators/ValidateRange.ts" line-rate="0.875" branch-rate="0.7187">
          <methods>
            <method name="validateRange" hits="15" signature="()V">
              <lines>
                <line number="5" hits="15"/>
              </lines>
            </method>
          </methods>
          <lines>
            <line number="3" hits="18" branch="false"/>
            <line number="5" hits="18" branch="false"/>
            <line number="9" hits="15" branch="false"/>
            <line number="11" hits="15" branch="true" condition-coverage="100% (1/1)"/>
            <line number="12" hits="5" branch="true" condition-coverage="66.66666666666666% (2/3)"/>
            <line number="13" hits="0" branch="false"/>
            <line number="15" hits="5" branch="true" condition-coverage="100% (3/3)"/>
            <line number="16" hits="2" branch="false"/>
            <line number="21" hits="15" branch="true" condition-coverage="100% (3/3)"/>
            <line number="22" hits="5" branch="true" condition-coverage="66.66666666666666% (2/3)"/>
            <line number="23" hits="1" branch="true" condition-coverage="75% (6/8)"/>
            <line number="28" hits="15" branch="true" condition-coverage="100% (3/3)"/>
            <line number="29" hits="5" branch="true" condition-coverage="66.66666666666666% (2/3)"/>
            <line number="30" hits="1" branch="true" condition-coverage="75% (6/8)"/>
            <line number="35" hits="15" branch="true" condition-coverage="100% (3/3)"/>
            <line number="36" hits="5" branch="false"/>
            <line number="37" hits="5" branch="true" condition-coverage="100% (1/1)"/>
            <line number="38" hits="2" branch="true" condition-coverage="83.33333333333334% (5/6)"/>
            <line number="42" hits="15" branch="true" condition-coverage="33.33333333333333% (1/3)"/>
            <line number="43" hits="0" branch="true" condition-coverage="0% (0/1)"/>
            <line number="44" hits="0" branch="true" condition-coverage="0% (0/6)"/>
            <line number="49" hits="15" branch="true" condition-coverage="100% (3/3)"/>
            <line number="50" hits="2" branch="true" condition-coverage="83.33333333333334% (5/6)"/>
            <line number="53" hits="15" branch="false"/>
          </lines>
        </class>
        <class name="ValidateRegex.ts" filename="src/validators/ValidateRegex.ts" line-rate="1" branch-rate="0.9">
          <methods>
            <method name="(anonymous_0)" hits="13" signature="()V">
              <lines>
                <line number="4" hits="13"/>
              </lines>
            </method>
          </methods>
          <lines>
            <line number="4" hits="18" branch="false"/>
            <line number="8" hits="13" branch="false"/>
            <line number="9" hits="13" branch="false"/>
            <line number="11" hits="13" branch="true" condition-coverage="100% (2/2)"/>
            <line number="13" hits="13" branch="true" condition-coverage="100% (3/3)"/>
            <line number="14" hits="2" branch="false"/>
            <line number="20" hits="11" branch="false"/>
            <line number="21" hits="11" branch="true" condition-coverage="100% (2/2)"/>
            <line number="23" hits="11" branch="true" condition-coverage="100% (1/1)"/>
            <line number="24" hits="6" branch="true" condition-coverage="50% (1/2)"/>
            <line number="27" hits="11" branch="false"/>
          </lines>
        </class>
        <class name="ValidateString.ts" filename="src/validators/ValidateString.ts" line-rate="1" branch-rate="0.9">
          <methods>
            <method name="(anonymous_0)" hits="21" signature="()V">
              <lines>
                <line number="4" hits="21"/>
              </lines>
            </method>
          </methods>
          <lines>
            <line number="4" hits="18" branch="true" condition-coverage="0% (0/1)"/>
            <line number="5" hits="21" branch="false"/>
            <line number="8" hits="21" branch="true" condition-coverage="100% (3/3)"/>
            <line number="9" hits="3" branch="false"/>
            <line number="13" hits="21" branch="true" condition-coverage="100% (3/3)"/>
            <line number="14" hits="2" branch="false"/>
            <line number="18" hits="21" branch="true" condition-coverage="100% (3/3)"/>
            <line number="19" hits="2" branch="false"/>
            <line number="22" hits="21" branch="false"/>
          </lines>
        </class>
      </classes>
    </package>
  </packages>
</coverage>
