<?xml version="1.0" ?>
<!DOCTYPE coverage SYSTEM "http://cobertura.sourceforge.net/xml/coverage-04.dtd">
<coverage lines-valid="496" lines-covered="479" line-rate="0.9656999999999999" branches-valid="312" branches-covered="265" branch-rate="0.8493" timestamp="1709960355005" complexity="0" version="0.1">
  <sources>
    <source>/home/sean/Documentos/OWN/rest-data-validator</source>
  </sources>
  <packages>
    <package name="src" line-rate="1" branch-rate="1">
      <classes>
        <class name="index.ts" filename="src/index.ts" line-rate="1" branch-rate="1">
          <methods>
            <method name="(anonymous_6)" hits="16" signature="()V">
              <lines>
                <line number="10" hits="16"/>
              </lines>
            </method>
            <method name="(anonymous_7)" hits="7" signature="()V">
              <lines>
                <line number="11" hits="7"/>
              </lines>
            </method>
            <method name="(anonymous_8)" hits="12" signature="()V">
              <lines>
                <line number="12" hits="12"/>
              </lines>
            </method>
            <method name="(anonymous_9)" hits="6" signature="()V">
              <lines>
                <line number="13" hits="6"/>
              </lines>
            </method>
            <method name="(anonymous_10)" hits="8" signature="()V">
              <lines>
                <line number="14" hits="8"/>
              </lines>
            </method>
            <method name="(anonymous_11)" hits="12" signature="()V">
              <lines>
                <line number="15" hits="12"/>
              </lines>
            </method>
            <method name="(anonymous_12)" hits="9" signature="()V">
              <lines>
                <line number="16" hits="9"/>
              </lines>
            </method>
            <method name="(anonymous_13)" hits="8" signature="()V">
              <lines>
                <line number="17" hits="8"/>
              </lines>
            </method>
            <method name="(anonymous_14)" hits="7" signature="()V">
              <lines>
                <line number="18" hits="7"/>
              </lines>
            </method>
            <method name="(anonymous_15)" hits="4" signature="()V">
              <lines>
                <line number="19" hits="4"/>
              </lines>
            </method>
            <method name="(anonymous_16)" hits="5" signature="()V">
              <lines>
                <line number="20" hits="5"/>
              </lines>
            </method>
            <method name="(anonymous_17)" hits="9" signature="()V">
              <lines>
                <line number="21" hits="9"/>
              </lines>
            </method>
            <method name="(anonymous_18)" hits="2" signature="()V">
              <lines>
                <line number="22" hits="2"/>
              </lines>
            </method>
            <method name="(anonymous_19)" hits="1" signature="()V">
              <lines>
                <line number="30" hits="1"/>
              </lines>
            </method>
            <method name="(anonymous_20)" hits="21" signature="()V">
              <lines>
                <line number="31" hits="21"/>
              </lines>
            </method>
            <method name="(anonymous_21)" hits="5" signature="()V">
              <lines>
                <line number="32" hits="5"/>
              </lines>
            </method>
            <method name="(anonymous_22)" hits="1" signature="()V">
              <lines>
                <line number="33" hits="1"/>
              </lines>
            </method>
            <method name="(anonymous_23)" hits="1" signature="()V">
              <lines>
                <line number="34" hits="1"/>
              </lines>
            </method>
            <method name="(anonymous_24)" hits="2" signature="()V">
              <lines>
                <line number="35" hits="2"/>
              </lines>
            </method>
            <method name="(anonymous_25)" hits="2" signature="()V">
              <lines>
                <line number="36" hits="2"/>
              </lines>
            </method>
            <method name="(anonymous_26)" hits="1" signature="()V">
              <lines>
                <line number="37" hits="1"/>
              </lines>
            </method>
            <method name="(anonymous_27)" hits="8" signature="()V">
              <lines>
                <line number="38" hits="8"/>
              </lines>
            </method>
            <method name="(anonymous_28)" hits="2" signature="()V">
              <lines>
                <line number="39" hits="2"/>
              </lines>
            </method>
            <method name="(anonymous_29)" hits="2" signature="()V">
              <lines>
                <line number="40" hits="2"/>
              </lines>
            </method>
            <method name="(anonymous_30)" hits="9" signature="()V">
              <lines>
                <line number="41" hits="9"/>
              </lines>
            </method>
            <method name="(anonymous_31)" hits="3" signature="()V">
              <lines>
                <line number="42" hits="3"/>
              </lines>
            </method>
            <method name="(anonymous_32)" hits="9" signature="()V">
              <lines>
                <line number="43" hits="9"/>
              </lines>
            </method>
            <method name="(anonymous_33)" hits="1" signature="()V">
              <lines>
                <line number="52" hits="1"/>
              </lines>
            </method>
            <method name="(anonymous_34)" hits="1" signature="()V">
              <lines>
                <line number="53" hits="1"/>
              </lines>
            </method>
            <method name="(anonymous_35)" hits="1" signature="()V">
              <lines>
                <line number="54" hits="1"/>
              </lines>
            </method>
            <method name="(anonymous_36)" hits="1" signature="()V">
              <lines>
                <line number="55" hits="1"/>
              </lines>
            </method>
            <method name="(anonymous_37)" hits="2" signature="()V">
              <lines>
                <line number="56" hits="2"/>
              </lines>
            </method>
            <method name="(anonymous_38)" hits="2" signature="()V">
              <lines>
                <line number="57" hits="2"/>
              </lines>
            </method>
            <method name="(anonymous_39)" hits="2" signature="()V">
              <lines>
                <line number="58" hits="2"/>
              </lines>
            </method>
            <method name="(anonymous_40)" hits="2" signature="()V">
              <lines>
                <line number="59" hits="2"/>
              </lines>
            </method>
            <method name="(anonymous_41)" hits="2" signature="()V">
              <lines>
                <line number="60" hits="2"/>
              </lines>
            </method>
            <method name="(anonymous_42)" hits="1" signature="()V">
              <lines>
                <line number="61" hits="1"/>
              </lines>
            </method>
            <method name="(anonymous_43)" hits="1" signature="()V">
              <lines>
                <line number="62" hits="1"/>
              </lines>
            </method>
            <method name="(anonymous_44)" hits="1" signature="()V">
              <lines>
                <line number="63" hits="1"/>
              </lines>
            </method>
            <method name="(anonymous_45)" hits="1" signature="()V">
              <lines>
                <line number="64" hits="1"/>
              </lines>
            </method>
            <method name="(anonymous_46)" hits="1" signature="()V">
              <lines>
                <line number="65" hits="1"/>
              </lines>
            </method>
            <method name="(anonymous_47)" hits="1" signature="()V">
              <lines>
                <line number="66" hits="1"/>
              </lines>
            </method>
            <method name="(anonymous_48)" hits="52" signature="()V">
              <lines>
                <line number="74" hits="52"/>
              </lines>
            </method>
            <method name="(anonymous_49)" hits="21" signature="()V">
              <lines>
                <line number="75" hits="21"/>
              </lines>
            </method>
            <method name="(anonymous_50)" hits="0" signature="()V">
              <lines>
                <line number="76" hits="0"/>
              </lines>
            </method>
            <method name="(anonymous_51)" hits="0" signature="()V">
              <lines>
                <line number="77" hits="0"/>
              </lines>
            </method>
            <method name="(anonymous_52)" hits="8" signature="()V">
              <lines>
                <line number="78" hits="8"/>
              </lines>
            </method>
            <method name="(anonymous_53)" hits="7" signature="()V">
              <lines>
                <line number="79" hits="7"/>
              </lines>
            </method>
            <method name="(anonymous_54)" hits="11" signature="()V">
              <lines>
                <line number="85" hits="11"/>
              </lines>
            </method>
            <method name="(anonymous_55)" hits="6" signature="()V">
              <lines>
                <line number="86" hits="6"/>
              </lines>
            </method>
          </methods>
          <lines>
            <line number="9" hits="28" branch="false"/>
            <line number="10" hits="44" branch="false"/>
            <line number="11" hits="35" branch="false"/>
            <line number="12" hits="40" branch="false"/>
            <line number="13" hits="34" branch="false"/>
            <line number="14" hits="36" branch="false"/>
            <line number="15" hits="40" branch="false"/>
            <line number="16" hits="37" branch="false"/>
            <line number="17" hits="36" branch="false"/>
            <line number="18" hits="35" branch="false"/>
            <line number="19" hits="32" branch="false"/>
            <line number="20" hits="33" branch="false"/>
            <line number="21" hits="37" branch="false"/>
            <line number="22" hits="30" branch="false"/>
            <line number="29" hits="28" branch="false"/>
            <line number="30" hits="29" branch="false"/>
            <line number="31" hits="49" branch="false"/>
            <line number="32" hits="33" branch="false"/>
            <line number="33" hits="29" branch="false"/>
            <line number="34" hits="29" branch="false"/>
            <line number="35" hits="30" branch="false"/>
            <line number="36" hits="30" branch="false"/>
            <line number="37" hits="29" branch="false"/>
            <line number="38" hits="36" branch="false"/>
            <line number="39" hits="30" branch="false"/>
            <line number="40" hits="30" branch="false"/>
            <line number="41" hits="37" branch="false"/>
            <line number="42" hits="31" branch="false"/>
            <line number="43" hits="37" branch="false"/>
            <line number="51" hits="28" branch="false"/>
            <line number="52" hits="29" branch="false"/>
            <line number="53" hits="29" branch="false"/>
            <line number="54" hits="29" branch="false"/>
            <line number="55" hits="29" branch="false"/>
            <line number="56" hits="30" branch="false"/>
            <line number="57" hits="30" branch="false"/>
            <line number="58" hits="30" branch="false"/>
            <line number="59" hits="30" branch="false"/>
            <line number="60" hits="30" branch="false"/>
            <line number="61" hits="29" branch="false"/>
            <line number="62" hits="29" branch="false"/>
            <line number="63" hits="29" branch="false"/>
            <line number="64" hits="29" branch="false"/>
            <line number="65" hits="29" branch="false"/>
            <line number="66" hits="29" branch="false"/>
            <line number="73" hits="28" branch="false"/>
            <line number="74" hits="80" branch="false"/>
            <line number="75" hits="49" branch="false"/>
            <line number="76" hits="28" branch="false"/>
            <line number="77" hits="28" branch="false"/>
            <line number="78" hits="36" branch="false"/>
            <line number="79" hits="35" branch="false"/>
            <line number="84" hits="28" branch="false"/>
            <line number="85" hits="39" branch="false"/>
            <line number="86" hits="34" branch="false"/>
            <line number="89" hits="28" branch="false"/>
            <line number="90" hits="28" branch="false"/>
            <line number="91" hits="28" branch="false"/>
            <line number="93" hits="28" branch="false"/>
          </lines>
        </class>
      </classes>
    </package>
    <package name="src.decorators" line-rate="0.9890000000000001" branch-rate="1">
      <classes>
        <class name="ArrayValidator.ts" filename="src/decorators/ArrayValidator.ts" line-rate="1" branch-rate="1">
          <methods>
            <method name="Array" hits="1" signature="()V">
              <lines>
                <line number="10" hits="1"/>
              </lines>
            </method>
            <method name="(anonymous_1)" hits="1" signature="()V">
              <lines>
                <line number="11" hits="1"/>
              </lines>
            </method>
          </methods>
          <lines>
            <line number="1" hits="28" branch="false"/>
            <line number="3" hits="28" branch="false"/>
            <line number="10" hits="28" branch="false"/>
            <line number="11" hits="1" branch="false"/>
            <line number="12" hits="1" branch="false"/>
          </lines>
        </class>
        <class name="ClassValidator.ts" filename="src/decorators/ClassValidator.ts" line-rate="1" branch-rate="1">
          <methods>
            <method name="ClassValidator" hits="21" signature="()V">
              <lines>
                <line number="10" hits="21"/>
              </lines>
            </method>
            <method name="(anonymous_1)" hits="85" signature="()V">
              <lines>
                <line number="12" hits="85"/>
              </lines>
            </method>
          </methods>
          <lines>
            <line number="1" hits="28" branch="false"/>
            <line number="10" hits="28" branch="false"/>
            <line number="11" hits="21" branch="false"/>
            <line number="13" hits="85" branch="false"/>
            <line number="14" hits="85" branch="false"/>
            <line number="15" hits="85" branch="true" condition-coverage="100% (3/3)"/>
            <line number="16" hits="46" branch="false"/>
          </lines>
        </class>
        <class name="ContextualValidator.ts" filename="src/decorators/ContextualValidator.ts" line-rate="1" branch-rate="1">
          <methods>
            <method name="Contextual" hits="9" signature="()V">
              <lines>
                <line number="10" hits="9"/>
              </lines>
            </method>
            <method name="(anonymous_1)" hits="9" signature="()V">
              <lines>
                <line number="11" hits="9"/>
              </lines>
            </method>
          </methods>
          <lines>
            <line number="1" hits="28" branch="false"/>
            <line number="3" hits="28" branch="false"/>
            <line number="10" hits="28" branch="false"/>
            <line number="11" hits="9" branch="false"/>
            <line number="12" hits="9" branch="false"/>
          </lines>
        </class>
        <class name="CustomValidator.ts" filename="src/decorators/CustomValidator.ts" line-rate="1" branch-rate="1">
          <methods>
            <method name="Custom" hits="5" signature="()V">
              <lines>
                <line number="10" hits="5"/>
              </lines>
            </method>
            <method name="(anonymous_1)" hits="5" signature="()V">
              <lines>
                <line number="11" hits="5"/>
              </lines>
            </method>
          </methods>
          <lines>
            <line number="1" hits="28" branch="false"/>
            <line number="3" hits="28" branch="false"/>
            <line number="10" hits="28" branch="false"/>
            <line number="11" hits="5" branch="false"/>
            <line number="12" hits="5" branch="false"/>
          </lines>
        </class>
        <class name="DateValidator.ts" filename="src/decorators/DateValidator.ts" line-rate="1" branch-rate="1">
          <methods>
            <method name="Date" hits="1" signature="()V">
              <lines>
                <line number="10" hits="1"/>
              </lines>
            </method>
            <method name="(anonymous_1)" hits="1" signature="()V">
              <lines>
                <line number="11" hits="1"/>
              </lines>
            </method>
          </methods>
          <lines>
            <line number="1" hits="28" branch="false"/>
            <line number="3" hits="28" branch="false"/>
            <line number="10" hits="28" branch="false"/>
            <line number="11" hits="1" branch="false"/>
            <line number="12" hits="1" branch="false"/>
          </lines>
        </class>
        <class name="DomainValidator.ts" filename="src/decorators/DomainValidator.ts" line-rate="1" branch-rate="1">
          <methods>
            <method name="Domain" hits="2" signature="()V">
              <lines>
                <line number="10" hits="2"/>
              </lines>
            </method>
            <method name="(anonymous_1)" hits="2" signature="()V">
              <lines>
                <line number="11" hits="2"/>
              </lines>
            </method>
          </methods>
          <lines>
            <line number="1" hits="28" branch="false"/>
            <line number="3" hits="28" branch="false"/>
            <line number="10" hits="28" branch="false"/>
            <line number="11" hits="2" branch="false"/>
            <line number="12" hits="2" branch="false"/>
          </lines>
        </class>
        <class name="EnumValidator.ts" filename="src/decorators/EnumValidator.ts" line-rate="1" branch-rate="1">
          <methods>
            <method name="Enum" hits="2" signature="()V">
              <lines>
                <line number="10" hits="2"/>
              </lines>
            </method>
            <method name="(anonymous_1)" hits="2" signature="()V">
              <lines>
                <line number="11" hits="2"/>
              </lines>
            </method>
          </methods>
          <lines>
            <line number="1" hits="28" branch="false"/>
            <line number="3" hits="28" branch="false"/>
            <line number="10" hits="28" branch="false"/>
            <line number="11" hits="2" branch="false"/>
            <line number="12" hits="2" branch="false"/>
          </lines>
        </class>
        <class name="FileValidator.ts" filename="src/decorators/FileValidator.ts" line-rate="1" branch-rate="1">
          <methods>
            <method name="File" hits="1" signature="()V">
              <lines>
                <line number="10" hits="1"/>
              </lines>
            </method>
            <method name="(anonymous_1)" hits="1" signature="()V">
              <lines>
                <line number="11" hits="1"/>
              </lines>
            </method>
          </methods>
          <lines>
            <line number="1" hits="28" branch="false"/>
            <line number="3" hits="28" branch="false"/>
            <line number="10" hits="28" branch="false"/>
            <line number="11" hits="1" branch="false"/>
            <line number="12" hits="1" branch="false"/>
          </lines>
        </class>
        <class name="NestedValidator.ts" filename="src/decorators/NestedValidator.ts" line-rate="1" branch-rate="1">
          <methods>
            <method name="Nested" hits="3" signature="()V">
              <lines>
                <line number="10" hits="3"/>
              </lines>
            </method>
            <method name="(anonymous_1)" hits="3" signature="()V">
              <lines>
                <line number="11" hits="3"/>
              </lines>
            </method>
          </methods>
          <lines>
            <line number="1" hits="28" branch="false"/>
            <line number="3" hits="28" branch="false"/>
            <line number="10" hits="28" branch="false"/>
            <line number="11" hits="3" branch="false"/>
            <line number="12" hits="3" branch="false"/>
          </lines>
        </class>
        <class name="NumberValidator.ts" filename="src/decorators/NumberValidator.ts" line-rate="1" branch-rate="1">
          <methods>
            <method name="Number" hits="8" signature="()V">
              <lines>
                <line number="10" hits="8"/>
              </lines>
            </method>
            <method name="(anonymous_1)" hits="8" signature="()V">
              <lines>
                <line number="11" hits="8"/>
              </lines>
            </method>
          </methods>
          <lines>
            <line number="1" hits="28" branch="false"/>
            <line number="3" hits="28" branch="false"/>
            <line number="10" hits="28" branch="false"/>
            <line number="11" hits="8" branch="false"/>
            <line number="12" hits="8" branch="false"/>
          </lines>
        </class>
        <class name="RangeValidator.ts" filename="src/decorators/RangeValidator.ts" line-rate="1" branch-rate="1">
          <methods>
            <method name="Range" hits="2" signature="()V">
              <lines>
                <line number="10" hits="2"/>
              </lines>
            </method>
            <method name="(anonymous_1)" hits="2" signature="()V">
              <lines>
                <line number="11" hits="2"/>
              </lines>
            </method>
          </methods>
          <lines>
            <line number="1" hits="28" branch="false"/>
            <line number="3" hits="28" branch="false"/>
            <line number="10" hits="28" branch="false"/>
            <line number="11" hits="2" branch="false"/>
            <line number="12" hits="2" branch="false"/>
          </lines>
        </class>
        <class name="RegexValidator.ts" filename="src/decorators/RegexValidator.ts" line-rate="1" branch-rate="1">
          <methods>
            <method name="Regex" hits="2" signature="()V">
              <lines>
                <line number="10" hits="2"/>
              </lines>
            </method>
            <method name="(anonymous_1)" hits="2" signature="()V">
              <lines>
                <line number="11" hits="2"/>
              </lines>
            </method>
          </methods>
          <lines>
            <line number="1" hits="28" branch="false"/>
            <line number="3" hits="28" branch="false"/>
            <line number="10" hits="28" branch="false"/>
            <line number="11" hits="2" branch="false"/>
            <line number="12" hits="2" branch="false"/>
          </lines>
        </class>
        <class name="RequiredValidator.ts" filename="src/decorators/RequiredValidator.ts" line-rate="0.9" branch-rate="1">
          <methods>
            <method name="Required" hits="1" signature="()V">
              <lines>
                <line number="8" hits="1"/>
              </lines>
            </method>
            <method name="(anonymous_1)" hits="1" signature="()V">
              <lines>
                <line number="9" hits="1"/>
              </lines>
            </method>
            <method name="(anonymous_2)" hits="1" signature="()V">
              <lines>
                <line number="14" hits="1"/>
              </lines>
            </method>
            <method name="(anonymous_3)" hits="2" signature="()V">
              <lines>
                <line number="20" hits="2"/>
              </lines>
            </method>
          </methods>
          <lines>
            <line number="2" hits="28" branch="false"/>
            <line number="8" hits="28" branch="false"/>
            <line number="9" hits="1" branch="false"/>
            <line number="11" hits="1" branch="false"/>
            <line number="13" hits="1" branch="false"/>
            <line number="15" hits="1" branch="true" condition-coverage="100% (1/1)"/>
            <line number="16" hits="1" branch="false"/>
            <line number="18" hits="0" branch="false"/>
            <line number="21" hits="2" branch="false"/>
            <line number="25" hits="1" branch="false"/>
          </lines>
        </class>
        <class name="StringValidator.ts" filename="src/decorators/StringValidator.ts" line-rate="1" branch-rate="1">
          <methods>
            <method name="String" hits="9" signature="()V">
              <lines>
                <line number="10" hits="9"/>
              </lines>
            </method>
            <method name="(anonymous_1)" hits="9" signature="()V">
              <lines>
                <line number="11" hits="9"/>
              </lines>
            </method>
          </methods>
          <lines>
            <line number="1" hits="28" branch="false"/>
            <line number="3" hits="28" branch="false"/>
            <line number="10" hits="28" branch="false"/>
            <line number="11" hits="9" branch="false"/>
            <line number="12" hits="9" branch="false"/>
          </lines>
        </class>
        <class name="index.ts" filename="src/decorators/index.ts" line-rate="1" branch-rate="1">
          <methods>
            <method name="(anonymous_0)" hits="1" signature="()V">
              <lines>
                <line number="1" hits="1"/>
              </lines>
            </method>
            <method name="(anonymous_1)" hits="21" signature="()V">
              <lines>
                <line number="2" hits="21"/>
              </lines>
            </method>
            <method name="(anonymous_2)" hits="5" signature="()V">
              <lines>
                <line number="3" hits="5"/>
              </lines>
            </method>
            <method name="(anonymous_3)" hits="1" signature="()V">
              <lines>
                <line number="4" hits="1"/>
              </lines>
            </method>
            <method name="(anonymous_4)" hits="1" signature="()V">
              <lines>
                <line number="5" hits="1"/>
              </lines>
            </method>
            <method name="(anonymous_5)" hits="2" signature="()V">
              <lines>
                <line number="6" hits="2"/>
              </lines>
            </method>
            <method name="(anonymous_6)" hits="2" signature="()V">
              <lines>
                <line number="7" hits="2"/>
              </lines>
            </method>
            <method name="(anonymous_7)" hits="1" signature="()V">
              <lines>
                <line number="8" hits="1"/>
              </lines>
            </method>
            <method name="(anonymous_8)" hits="8" signature="()V">
              <lines>
                <line number="9" hits="8"/>
              </lines>
            </method>
            <method name="(anonymous_9)" hits="2" signature="()V">
              <lines>
                <line number="10" hits="2"/>
              </lines>
            </method>
            <method name="(anonymous_10)" hits="2" signature="()V">
              <lines>
                <line number="11" hits="2"/>
              </lines>
            </method>
            <method name="(anonymous_11)" hits="9" signature="()V">
              <lines>
                <line number="12" hits="9"/>
              </lines>
            </method>
            <method name="(anonymous_12)" hits="3" signature="()V">
              <lines>
                <line number="13" hits="3"/>
              </lines>
            </method>
            <method name="(anonymous_13)" hits="9" signature="()V">
              <lines>
                <line number="14" hits="9"/>
              </lines>
            </method>
          </methods>
          <lines>
            <line number="1" hits="29" branch="false"/>
            <line number="2" hits="49" branch="false"/>
            <line number="3" hits="33" branch="false"/>
            <line number="4" hits="29" branch="false"/>
            <line number="5" hits="29" branch="false"/>
            <line number="6" hits="30" branch="false"/>
            <line number="7" hits="30" branch="false"/>
            <line number="8" hits="29" branch="false"/>
            <line number="9" hits="36" branch="false"/>
            <line number="10" hits="30" branch="false"/>
            <line number="11" hits="30" branch="false"/>
            <line number="12" hits="37" branch="false"/>
            <line number="13" hits="31" branch="false"/>
            <line number="14" hits="37" branch="false"/>
          </lines>
        </class>
      </classes>
    </package>
    <package name="src.metadata" line-rate="0.8887999999999999" branch-rate="1">
      <classes>
        <class name="AddValidationMetadata.ts" filename="src/metadata/AddValidationMetadata.ts" line-rate="1" branch-rate="1">
          <methods>
            <method name="addValidationMetadata" hits="45" signature="()V">
              <lines>
                <line number="9" hits="45"/>
              </lines>
            </method>
          </methods>
          <lines>
            <line number="1" hits="28" branch="false"/>
            <line number="9" hits="28" branch="false"/>
            <line number="10" hits="45" branch="true" condition-coverage="100% (2/2)"/>
            <line number="11" hits="45" branch="false"/>
          </lines>
        </class>
        <class name="ValidationMetadata.ts" filename="src/metadata/ValidationMetadata.ts" line-rate="0.8" branch-rate="1">
          <methods>
            <method name="(anonymous_0)" hits="1" signature="()V">
              <lines>
                <line number="19" hits="1"/>
              </lines>
            </method>
            <method name="(anonymous_1)" hits="0" signature="()V">
              <lines>
                <line number="29" hits="0"/>
              </lines>
            </method>
          </methods>
          <lines>
            <line number="1" hits="28" branch="false"/>
            <line number="2" hits="28" branch="false"/>
            <line number="12" hits="28" branch="false"/>
            <line number="20" hits="1" branch="false"/>
            <line number="30" hits="0" branch="false"/>
          </lines>
        </class>
      </classes>
    </package>
    <package name="src.providers" line-rate="0.8125" branch-rate="1">
      <classes>
        <class name="ContextProvider.ts" filename="src/providers/ContextProvider.ts" line-rate="0.8125" branch-rate="1">
          <methods>
            <method name="(anonymous_0)" hits="0" signature="()V">
              <lines>
                <line number="20" hits="0"/>
              </lines>
            </method>
            <method name="(anonymous_1)" hits="0" signature="()V">
              <lines>
                <line number="28" hits="0"/>
              </lines>
            </method>
            <method name="(anonymous_2)" hits="21" signature="()V">
              <lines>
                <line number="37" hits="21"/>
              </lines>
            </method>
            <method name="(anonymous_3)" hits="52" signature="()V">
              <lines>
                <line number="46" hits="52"/>
              </lines>
            </method>
            <method name="(anonymous_4)" hits="8" signature="()V">
              <lines>
                <line number="57" hits="8"/>
              </lines>
            </method>
            <method name="(anonymous_5)" hits="7" signature="()V">
              <lines>
                <line number="64" hits="7"/>
              </lines>
            </method>
          </methods>
          <lines>
            <line number="9" hits="28" branch="false"/>
            <line number="14" hits="28" branch="false"/>
            <line number="21" hits="0" branch="false"/>
            <line number="29" hits="0" branch="false"/>
            <line number="38" hits="21" branch="false"/>
            <line number="47" hits="52" branch="true" condition-coverage="100% (3/3)"/>
            <line number="48" hits="52" branch="false"/>
            <line number="50" hits="0" branch="false"/>
            <line number="58" hits="8" branch="false"/>
            <line number="65" hits="7" branch="false"/>
            <line number="69" hits="28" branch="false"/>
            <line number="70" hits="28" branch="false"/>
            <line number="71" hits="28" branch="false"/>
            <line number="72" hits="28" branch="false"/>
            <line number="73" hits="28" branch="false"/>
            <line number="74" hits="28" branch="false"/>
          </lines>
        </class>
      </classes>
    </package>
    <package name="src.sanitizers" line-rate="1" branch-rate="1">
      <classes>
        <class name="index.ts" filename="src/sanitizers/index.ts" line-rate="1" branch-rate="1">
          <methods>
            <method name="(anonymous_0)" hits="1" signature="()V">
              <lines>
                <line number="6" hits="1"/>
              </lines>
            </method>
            <method name="(anonymous_1)" hits="1" signature="()V">
              <lines>
                <line number="11" hits="1"/>
              </lines>
            </method>
            <method name="(anonymous_2)" hits="1" signature="()V">
              <lines>
                <line number="16" hits="1"/>
              </lines>
            </method>
            <method name="(anonymous_3)" hits="1" signature="()V">
              <lines>
                <line number="21" hits="1"/>
              </lines>
            </method>
            <method name="(anonymous_4)" hits="1" signature="()V">
              <lines>
                <line number="26" hits="1"/>
              </lines>
            </method>
            <method name="(anonymous_5)" hits="1" signature="()V">
              <lines>
                <line number="31" hits="1"/>
              </lines>
            </method>
            <method name="(anonymous_6)" hits="1" signature="()V">
              <lines>
                <line number="36" hits="1"/>
              </lines>
            </method>
            <method name="(anonymous_7)" hits="2" signature="()V">
              <lines>
                <line number="41" hits="2"/>
              </lines>
            </method>
            <method name="(anonymous_8)" hits="1" signature="()V">
              <lines>
                <line number="46" hits="1"/>
              </lines>
            </method>
            <method name="(anonymous_9)" hits="1" signature="()V">
              <lines>
                <line number="51" hits="1"/>
              </lines>
            </method>
            <method name="(anonymous_10)" hits="1" signature="()V">
              <lines>
                <line number="56" hits="1"/>
              </lines>
            </method>
            <method name="(anonymous_11)" hits="2" signature="()V">
              <lines>
                <line number="61" hits="2"/>
              </lines>
            </method>
            <method name="(anonymous_12)" hits="2" signature="()V">
              <lines>
                <line number="69" hits="2"/>
              </lines>
            </method>
            <method name="(anonymous_13)" hits="2" signature="()V">
              <lines>
                <line number="74" hits="2"/>
              </lines>
            </method>
            <method name="(anonymous_14)" hits="2" signature="()V">
              <lines>
                <line number="79" hits="2"/>
              </lines>
            </method>
          </methods>
          <lines>
            <line number="6" hits="28" branch="false"/>
            <line number="11" hits="28" branch="false"/>
            <line number="16" hits="28" branch="false"/>
            <line number="21" hits="28" branch="false"/>
            <line number="26" hits="28" branch="false"/>
            <line number="31" hits="28" branch="false"/>
            <line number="36" hits="28" branch="false"/>
            <line number="41" hits="28" branch="false"/>
            <line number="46" hits="28" branch="false"/>
            <line number="51" hits="28" branch="false"/>
            <line number="56" hits="28" branch="false"/>
            <line number="61" hits="28" branch="false"/>
            <line number="62" hits="2" branch="false"/>
            <line number="63" hits="2" branch="true" condition-coverage="100% (2/2)"/>
            <line number="69" hits="28" branch="false"/>
            <line number="74" hits="28" branch="false"/>
            <line number="79" hits="28" branch="false"/>
            <line number="80" hits="2" branch="false"/>
            <line number="81" hits="2" branch="false"/>
            <line number="83" hits="1" branch="false"/>
          </lines>
        </class>
      </classes>
    </package>
    <package name="src.types" line-rate="1" branch-rate="1">
      <classes>
        <class name="NestedValidatorFactory.ts" filename="src/types/NestedValidatorFactory.ts" line-rate="1" branch-rate="1">
          <methods>
            <method name="(anonymous_0)" hits="11" signature="()V">
              <lines>
                <line number="9" hits="11"/>
              </lines>
            </method>
            <method name="(anonymous_1)" hits="36" signature="()V">
              <lines>
                <line number="11" hits="36"/>
              </lines>
            </method>
            <method name="(anonymous_2)" hits="6" signature="()V">
              <lines>
                <line number="25" hits="6"/>
              </lines>
            </method>
            <method name="(anonymous_3)" hits="83" signature="()V">
              <lines>
                <line number="27" hits="83"/>
              </lines>
            </method>
            <method name="(anonymous_4)" hits="237" signature="()V">
              <lines>
                <line number="30" hits="237"/>
              </lines>
            </method>
          </methods>
          <lines>
            <line number="9" hits="28" branch="false"/>
            <line number="10" hits="11" branch="false"/>
            <line number="12" hits="36" branch="false"/>
            <line number="14" hits="36" branch="true" condition-coverage="100% (1/1)"/>
            <line number="15" hits="16" branch="false"/>
            <line number="18" hits="36" branch="false"/>
            <line number="25" hits="28" branch="false"/>
            <line number="26" hits="6" branch="false"/>
            <line number="28" hits="83" branch="false"/>
            <line number="30" hits="83" branch="false"/>
            <line number="31" hits="237" branch="true" condition-coverage="100% (1/1)"/>
            <line number="32" hits="44" branch="false"/>
            <line number="33" hits="44" branch="true" condition-coverage="100% (3/3)"/>
            <line number="34" hits="16" branch="false"/>
            <line number="39" hits="83" branch="false"/>
          </lines>
        </class>
      </classes>
    </package>
    <package name="src.utils.date" line-rate="1" branch-rate="1">
      <classes>
        <class name="DateValidation.ts" filename="src/utils/date/DateValidation.ts" line-rate="1" branch-rate="1">
          <methods>
            <method name="isValidDate" hits="4" signature="()V">
              <lines>
                <line number="8" hits="4"/>
              </lines>
            </method>
          </methods>
          <lines>
            <line number="8" hits="29" branch="false"/>
            <line number="10" hits="4" branch="false"/>
            <line number="12" hits="4" branch="true" condition-coverage="100% (1/1)"/>
            <line number="13" hits="2" branch="false"/>
            <line number="17" hits="2" branch="false"/>
            <line number="18" hits="2" branch="false"/>
            <line number="21" hits="2" branch="true" condition-coverage="100% (4/4)"/>
            <line number="22" hits="1" branch="false"/>
            <line number="25" hits="1" branch="false"/>
          </lines>
        </class>
      </classes>
    </package>
    <package name="src.utils.validations" line-rate="0.9487000000000001" branch-rate="0.8887999999999999">
      <classes>
        <class name="MetadataKeys.ts" filename="src/utils/validations/MetadataKeys.ts" line-rate="1" branch-rate="1">
          <methods>
          </methods>
          <lines>
            <line number="1" hits="28" branch="false"/>
          </lines>
        </class>
        <class name="ValidationUtils.ts" filename="src/utils/validations/ValidationUtils.ts" line-rate="0.9473" branch-rate="0.8887999999999999">
          <methods>
            <method name="(anonymous_0)" hits="88" signature="()V">
              <lines>
                <line number="32" hits="88"/>
              </lines>
            </method>
          </methods>
          <lines>
            <line number="3" hits="28" branch="false"/>
            <line number="4" hits="28" branch="false"/>
            <line number="26" hits="28" branch="false"/>
            <line number="33" hits="88" branch="false"/>
            <line number="34" hits="88" branch="false"/>
            <line number="35" hits="169" branch="true" condition-coverage="50% (1/2)"/>
            <line number="37" hits="169" branch="false"/>
            <line number="38" hits="199" branch="false"/>
            <line number="40" hits="199" branch="true" condition-coverage="92.3076923076923% (12/13)"/>
            <line number="42" hits="6" branch="false"/>
            <line number="43" hits="6" branch="false"/>
            <line number="45" hits="2" branch="false"/>
            <line number="46" hits="2" branch="false"/>
            <line number="48" hits="6" branch="false"/>
            <line number="49" hits="6" branch="false"/>
            <line number="51" hits="11" branch="false"/>
            <line number="52" hits="11" branch="false"/>
            <line number="54" hits="3" branch="false"/>
            <line number="55" hits="3" branch="false"/>
            <line number="57" hits="40" branch="false"/>
            <line number="58" hits="40" branch="false"/>
            <line number="60" hits="6" branch="false"/>
            <line number="61" hits="6" branch="false"/>
            <line number="63" hits="5" branch="false"/>
            <line number="64" hits="5" branch="false"/>
            <line number="66" hits="51" branch="false"/>
            <line number="67" hits="51" branch="false"/>
            <line number="69" hits="10" branch="false"/>
            <line number="70" hits="10" branch="false"/>
            <line number="72" hits="9" branch="false"/>
            <line number="73" hits="9" branch="false"/>
            <line number="75" hits="50" branch="false"/>
            <line number="76" hits="50" branch="false"/>
            <line number="78" hits="0" branch="false"/>
            <line number="79" hits="0" branch="false"/>
            <line number="82" hits="199" branch="true" condition-coverage="100% (3/3)"/>
            <line number="83" hits="51" branch="false"/>
            <line number="88" hits="88" branch="false"/>
          </lines>
        </class>
      </classes>
    </package>
    <package name="src.validators" line-rate="0.9579000000000001" branch-rate="0.8351000000000001">
      <classes>
        <class name="ValidateArray.ts" filename="src/validators/ValidateArray.ts" line-rate="1" branch-rate="0.92">
          <methods>
            <method name="(anonymous_0)" hits="22" signature="()V">
              <lines>
                <line number="14" hits="22"/>
              </lines>
            </method>
            <method name="(anonymous_1)" hits="29" signature="()V">
              <lines>
                <line number="48" hits="29"/>
              </lines>
            </method>
          </methods>
          <lines>
            <line number="14" hits="28" branch="false"/>
            <line number="18" hits="22" branch="false"/>
            <line number="20" hits="22" branch="true" condition-coverage="100% (1/1)"/>
            <line number="21" hits="1" branch="false"/>
            <line number="22" hits="1" branch="true" condition-coverage="100% (2/2)"/>
            <line number="23" hits="1" branch="false"/>
            <line number="29" hits="21" branch="true" condition-coverage="100% (3/3)"/>
            <line number="30" hits="3" branch="false"/>
            <line number="31" hits="3" branch="true" condition-coverage="100% (2/2)"/>
            <line number="34" hits="21" branch="true" condition-coverage="100% (3/3)"/>
            <line number="35" hits="3" branch="false"/>
            <line number="36" hits="3" branch="true" condition-coverage="100% (2/2)"/>
            <line number="39" hits="21" branch="true" condition-coverage="100% (1/1)"/>
            <line number="40" hits="9" branch="false"/>
            <line number="41" hits="9" branch="true" condition-coverage="100% (1/1)"/>
            <line number="42" hits="3" branch="false"/>
            <line number="43" hits="3" branch="true" condition-coverage="100% (2/2)"/>
            <line number="47" hits="21" branch="true" condition-coverage="100% (1/1)"/>
            <line number="48" hits="10" branch="false"/>
            <line number="49" hits="29" branch="true" condition-coverage="50% (1/2)"/>
            <line number="50" hits="29" branch="true" condition-coverage="100% (3/3)"/>
            <line number="51" hits="5" branch="true" condition-coverage="100% (1/1)"/>
            <line number="52" hits="5" branch="false"/>
            <line number="58" hits="21" branch="false"/>
          </lines>
        </class>
        <class name="ValidateChain.ts" filename="src/validators/ValidateChain.ts" line-rate="1" branch-rate="1">
          <methods>
            <method name="(anonymous_0)" hits="5" signature="()V">
              <lines>
                <line number="11" hits="5"/>
              </lines>
            </method>
          </methods>
          <lines>
            <line number="11" hits="28" branch="false"/>
            <line number="12" hits="5" branch="false"/>
            <line number="13" hits="7" branch="false"/>
            <line number="14" hits="7" branch="true" condition-coverage="100% (1/1)"/>
            <line number="15" hits="2" branch="false"/>
            <line number="18" hits="3" branch="false"/>
          </lines>
        </class>
        <class name="ValidateContextual.ts" filename="src/validators/ValidateContextual.ts" line-rate="1" branch-rate="0.75">
          <methods>
            <method name="(anonymous_0)" hits="52" signature="()V">
              <lines>
                <line number="11" hits="52"/>
              </lines>
            </method>
          </methods>
          <lines>
            <line number="11" hits="28" branch="false"/>
            <line number="15" hits="52" branch="false"/>
            <line number="16" hits="52" branch="false"/>
            <line number="18" hits="52" branch="false"/>
            <line number="19" hits="52" branch="true" condition-coverage="75% (3/4)"/>
            <line number="21" hits="52" branch="false"/>
          </lines>
        </class>
        <class name="ValidateCustom.ts" filename="src/validators/ValidateCustom.ts" line-rate="1" branch-rate="1">
          <methods>
            <method name="(anonymous_0)" hits="14" signature="()V">
              <lines>
                <line number="12" hits="14"/>
              </lines>
            </method>
          </methods>
          <lines>
            <line number="12" hits="28" branch="false"/>
            <line number="17" hits="14" branch="false"/>
            <line number="19" hits="14" branch="false"/>
            <line number="20" hits="14" branch="true" condition-coverage="100% (4/4)"/>
            <line number="23" hits="14" branch="false"/>
          </lines>
        </class>
        <class name="ValidateDate.ts" filename="src/validators/ValidateDate.ts" line-rate="1" branch-rate="0.9444">
          <methods>
            <method name="(anonymous_0)" hits="9" signature="()V">
              <lines>
                <line number="13" hits="9"/>
              </lines>
            </method>
          </methods>
          <lines>
            <line number="13" hits="28" branch="false"/>
            <line number="17" hits="9" branch="false"/>
            <line number="18" hits="9" branch="false"/>
            <line number="20" hits="9" branch="false"/>
            <line number="21" hits="9" branch="true" condition-coverage="100% (5/5)"/>
            <line number="22" hits="3" branch="true" condition-coverage="100% (2/2)"/>
            <line number="24" hits="6" branch="true" condition-coverage="100% (3/3)"/>
            <line number="25" hits="1" branch="false"/>
            <line number="26" hits="1" branch="true" condition-coverage="100% (2/2)"/>
            <line number="29" hits="6" branch="true" condition-coverage="100% (3/3)"/>
            <line number="30" hits="1" branch="false"/>
            <line number="31" hits="1" branch="true" condition-coverage="100% (2/2)"/>
            <line number="35" hits="9" branch="false"/>
          </lines>
        </class>
        <class name="ValidateDomain.ts" filename="src/validators/ValidateDomain.ts" line-rate="0.9512" branch-rate="0.8157">
          <methods>
            <method name="(anonymous_0)" hits="18" signature="()V">
              <lines>
                <line number="20" hits="18"/>
              </lines>
            </method>
            <method name="(anonymous_1)" hits="4" signature="()V">
              <lines>
                <line number="26" hits="4"/>
              </lines>
            </method>
            <method name="(anonymous_2)" hits="8" signature="()V">
              <lines>
                <line number="40" hits="8"/>
              </lines>
            </method>
          </methods>
          <lines>
            <line number="3" hits="28" branch="false"/>
            <line number="5" hits="28" branch="false"/>
            <line number="6" hits="28" branch="false"/>
            <line number="7" hits="28" branch="false"/>
            <line number="20" hits="28" branch="false"/>
            <line number="24" hits="18" branch="false"/>
            <line number="26" hits="18" branch="false"/>
            <line number="27" hits="4" branch="false"/>
            <line number="28" hits="4" branch="false"/>
            <line number="29" hits="3" branch="false"/>
            <line number="30" hits="2" branch="false"/>
            <line number="31" hits="2" branch="true" condition-coverage="0% (0/1)"/>
            <line number="32" hits="0" branch="false"/>
            <line number="34" hits="2" branch="false"/>
            <line number="36" hits="2" branch="false"/>
            <line number="40" hits="18" branch="false"/>
            <line number="41" hits="8" branch="true" condition-coverage="100% (2/2)"/>
            <line number="44" hits="18" branch="true" condition-coverage="83.33333333333334% (5/6)"/>
            <line number="46" hits="2" branch="true" condition-coverage="100% (1/1)"/>
            <line number="47" hits="1" branch="false"/>
            <line number="49" hits="2" branch="false"/>
            <line number="51" hits="6" branch="false"/>
            <line number="52" hits="6" branch="false"/>
            <line number="54" hits="6" branch="true" condition-coverage="100% (2/2)"/>
            <line number="55" hits="1" branch="false"/>
            <line number="56" hits="5" branch="true" condition-coverage="100% (3/3)"/>
            <line number="57" hits="2" branch="false"/>
            <line number="59" hits="6" branch="false"/>
            <line number="61" hits="6" branch="true" condition-coverage="100% (6/6)"/>
            <line number="64" hits="4" branch="true" condition-coverage="100% (1/1)"/>
            <line number="65" hits="2" branch="false"/>
            <line number="67" hits="4" branch="false"/>
            <line number="69" hits="2" branch="true" condition-coverage="83.33333333333334% (5/6)"/>
            <line number="72" hits="2" branch="true" condition-coverage="100% (1/1)"/>
            <line number="73" hits="1" branch="false"/>
            <line number="75" hits="2" branch="false"/>
            <line number="77" hits="2" branch="true" condition-coverage="100% (1/1)"/>
            <line number="78" hits="1" branch="false"/>
            <line number="80" hits="2" branch="false"/>
            <line number="82" hits="0" branch="false"/>
            <line number="85" hits="16" branch="false"/>
          </lines>
        </class>
        <class name="ValidateEnum.ts" filename="src/validators/ValidateEnum.ts" line-rate="1" branch-rate="1">
          <methods>
            <method name="(anonymous_0)" hits="17" signature="()V">
              <lines>
                <line number="15" hits="17"/>
              </lines>
            </method>
          </methods>
          <lines>
            <line number="15" hits="28" branch="false"/>
            <line number="16" hits="17" branch="false"/>
            <line number="18" hits="17" branch="true" condition-coverage="100% (1/1)"/>
            <line number="19" hits="13" branch="true" condition-coverage="100% (2/2)"/>
            <line number="22" hits="17" branch="false"/>
          </lines>
        </class>
        <class name="ValidateFile.ts" filename="src/validators/ValidateFile.ts" line-rate="1" branch-rate="0.9666">
          <methods>
            <method name="(anonymous_0)" hits="11" signature="()V">
              <lines>
                <line number="19" hits="11"/>
              </lines>
            </method>
            <method name="(anonymous_1)" hits="9" signature="()V">
              <lines>
                <line number="25" hits="9"/>
              </lines>
            </method>
          </methods>
          <lines>
            <line number="19" hits="28" branch="false"/>
            <line number="23" hits="11" branch="false"/>
            <line number="25" hits="11" branch="false"/>
            <line number="26" hits="9" branch="true" condition-coverage="100% (2/2)"/>
            <line number="29" hits="11" branch="true" condition-coverage="100% (3/3)"/>
            <line number="30" hits="2" branch="false"/>
            <line number="33" hits="11" branch="true" condition-coverage="100% (3/3)"/>
            <line number="34" hits="2" branch="false"/>
            <line number="37" hits="11" branch="true" condition-coverage="100% (3/3)"/>
            <line number="38" hits="1" branch="false"/>
            <line number="41" hits="11" branch="true" condition-coverage="75% (3/4)"/>
            <line number="42" hits="11" branch="true" condition-coverage="100% (4/4)"/>
            <line number="43" hits="1" branch="false"/>
            <line number="46" hits="11" branch="true" condition-coverage="100% (4/4)"/>
            <line number="47" hits="1" branch="false"/>
            <line number="50" hits="11" branch="true" condition-coverage="100% (3/3)"/>
            <line number="51" hits="1" branch="false"/>
            <line number="54" hits="11" branch="true" condition-coverage="100% (3/3)"/>
            <line number="55" hits="1" branch="false"/>
            <line number="58" hits="11" branch="false"/>
          </lines>
        </class>
        <class name="ValidateNested.ts" filename="src/validators/ValidateNested.ts" line-rate="0.909" branch-rate="0.8">
          <methods>
            <method name="(anonymous_0)" hits="32" signature="()V">
              <lines>
                <line number="12" hits="32"/>
              </lines>
            </method>
            <method name="(anonymous_1)" hits="0" signature="()V">
              <lines>
                <line number="21" hits="0"/>
              </lines>
            </method>
            <method name="(anonymous_2)" hits="3" signature="()V">
              <lines>
                <line number="26" hits="3"/>
              </lines>
            </method>
            <method name="(anonymous_3)" hits="1" signature="()V">
              <lines>
                <line number="29" hits="1"/>
              </lines>
            </method>
            <method name="(anonymous_4)" hits="59" signature="()V">
              <lines>
                <line number="38" hits="59"/>
              </lines>
            </method>
            <method name="(anonymous_5)" hits="18" signature="()V">
              <lines>
                <line number="48" hits="18"/>
              </lines>
            </method>
            <method name="(anonymous_6)" hits="6" signature="()V">
              <lines>
                <line number="51" hits="6"/>
              </lines>
            </method>
            <method name="(anonymous_7)" hits="6" signature="()V">
              <lines>
                <line number="59" hits="6"/>
              </lines>
            </method>
          </methods>
          <lines>
            <line number="12" hits="28" branch="false"/>
            <line number="16" hits="32" branch="false"/>
            <line number="18" hits="32" branch="true" condition-coverage="100% (2/2)"/>
            <line number="19" hits="3" branch="false"/>
            <line number="20" hits="3" branch="true" condition-coverage="33.33333333333333% (1/3)"/>
            <line number="21" hits="0" branch="false"/>
            <line number="22" hits="0" branch="false"/>
            <line number="25" hits="3" branch="true" condition-coverage="100% (1/1)"/>
            <line number="26" hits="3" branch="false"/>
            <line number="27" hits="3" branch="false"/>
            <line number="28" hits="3" branch="true" condition-coverage="100% (3/3)"/>
            <line number="29" hits="1" branch="false"/>
            <line number="30" hits="1" branch="false"/>
            <line number="35" hits="29" branch="true" condition-coverage="75% (3/4)"/>
            <line number="36" hits="0" branch="true" condition-coverage="0% (0/2)"/>
            <line number="38" hits="29" branch="false"/>
            <line number="39" hits="59" branch="false"/>
            <line number="41" hits="59" branch="false"/>
            <line number="42" hits="59" branch="true" condition-coverage="100% (1/1)"/>
            <line number="43" hits="9" branch="true" condition-coverage="75% (3/4)"/>
            <line number="46" hits="59" branch="true" condition-coverage="100% (1/1)"/>
            <line number="47" hits="59" branch="true" condition-coverage="100% (2/2)"/>
            <line number="48" hits="13" branch="false"/>
            <line number="49" hits="18" branch="false"/>
            <line number="50" hits="18" branch="true" condition-coverage="100% (3/3)"/>
            <line number="51" hits="6" branch="false"/>
            <line number="52" hits="6" branch="false"/>
            <line number="56" hits="46" branch="true" condition-coverage="100% (1/1)"/>
            <line number="57" hits="14" branch="false"/>
            <line number="58" hits="14" branch="true" condition-coverage="100% (3/3)"/>
            <line number="59" hits="2" branch="false"/>
            <line number="60" hits="6" branch="false"/>
            <line number="68" hits="32" branch="false"/>
          </lines>
        </class>
        <class name="ValidateNumber.ts" filename="src/validators/ValidateNumber.ts" line-rate="1" branch-rate="0.9666">
          <methods>
            <method name="(anonymous_0)" hits="51" signature="()V">
              <lines>
                <line number="20" hits="51"/>
              </lines>
            </method>
            <method name="(anonymous_1)" hits="15" signature="()V">
              <lines>
                <line number="26" hits="15"/>
              </lines>
            </method>
          </methods>
          <lines>
            <line number="20" hits="28" branch="false"/>
            <line number="24" hits="51" branch="false"/>
            <line number="26" hits="51" branch="false"/>
            <line number="27" hits="15" branch="true" condition-coverage="100% (2/2)"/>
            <line number="30" hits="51" branch="true" condition-coverage="100% (3/3)"/>
            <line number="31" hits="2" branch="false"/>
            <line number="34" hits="51" branch="true" condition-coverage="100% (3/3)"/>
            <line number="35" hits="2" branch="false"/>
            <line number="38" hits="51" branch="true" condition-coverage="100% (3/3)"/>
            <line number="39" hits="2" branch="false"/>
            <line number="42" hits="51" branch="true" condition-coverage="100% (3/3)"/>
            <line number="43" hits="4" branch="false"/>
            <line number="46" hits="51" branch="true" condition-coverage="100% (3/3)"/>
            <line number="47" hits="1" branch="false"/>
            <line number="50" hits="51" branch="true" condition-coverage="100% (3/3)"/>
            <line number="51" hits="1" branch="false"/>
            <line number="54" hits="51" branch="true" condition-coverage="100% (3/3)"/>
            <line number="55" hits="1" branch="false"/>
            <line number="58" hits="51" branch="true" condition-coverage="100% (3/3)"/>
            <line number="59" hits="1" branch="false"/>
            <line number="62" hits="51" branch="true" condition-coverage="100% (3/3)"/>
            <line number="63" hits="1" branch="false"/>
            <line number="66" hits="51" branch="false"/>
          </lines>
        </class>
        <class name="ValidateRange.ts" filename="src/validators/ValidateRange.ts" line-rate="0.8332999999999999" branch-rate="0.6666">
          <methods>
            <method name="validateRange" hits="15" signature="()V">
              <lines>
                <line number="26" hits="15"/>
              </lines>
            </method>
            <method name="(anonymous_1)" hits="8" signature="()V">
              <lines>
                <line number="32" hits="8"/>
              </lines>
            </method>
          </methods>
          <lines>
            <line number="3" hits="28" branch="false"/>
            <line number="26" hits="28" branch="false"/>
            <line number="30" hits="15" branch="false"/>
            <line number="32" hits="15" branch="false"/>
            <line number="33" hits="8" branch="true" condition-coverage="75% (3/4)"/>
            <line number="34" hits="0" branch="false"/>
            <line number="36" hits="8" branch="true" condition-coverage="100% (3/3)"/>
            <line number="40" hits="15" branch="true" condition-coverage="100% (2/2)"/>
            <line number="41" hits="5" branch="true" condition-coverage="66.66666666666666% (2/3)"/>
            <line number="42" hits="0" branch="true" condition-coverage="0% (0/4)"/>
            <line number="44" hits="5" branch="true" condition-coverage="100% (3/3)"/>
            <line number="45" hits="2" branch="true" condition-coverage="100% (4/4)"/>
            <line number="47" hits="10" branch="true" condition-coverage="50% (1/2)"/>
            <line number="48" hits="10" branch="true" condition-coverage="80% (4/5)"/>
            <line number="49" hits="1" branch="true" condition-coverage="66.66666666666666% (4/6)"/>
            <line number="51" hits="10" branch="true" condition-coverage="80% (4/5)"/>
            <line number="52" hits="1" branch="true" condition-coverage="66.66666666666666% (4/6)"/>
            <line number="54" hits="10" branch="true" condition-coverage="100% (3/3)"/>
            <line number="55" hits="2" branch="true" condition-coverage="75% (3/4)"/>
            <line number="57" hits="0" branch="true" condition-coverage="0% (0/4)"/>
            <line number="58" hits="0" branch="true" condition-coverage="0% (0/4)"/>
            <line number="61" hits="15" branch="true" condition-coverage="100% (3/3)"/>
            <line number="62" hits="2" branch="true" condition-coverage="75% (3/4)"/>
            <line number="65" hits="15" branch="false"/>
          </lines>
        </class>
        <class name="ValidateRegex.ts" filename="src/validators/ValidateRegex.ts" line-rate="1" branch-rate="0.9">
          <methods>
            <method name="(anonymous_0)" hits="13" signature="()V">
              <lines>
                <line number="19" hits="13"/>
              </lines>
            </method>
          </methods>
          <lines>
            <line number="19" hits="28" branch="false"/>
            <line number="23" hits="13" branch="false"/>
            <line number="24" hits="13" branch="false"/>
            <line number="26" hits="13" branch="true" condition-coverage="100% (2/2)"/>
            <line number="28" hits="13" branch="true" condition-coverage="100% (3/3)"/>
            <line number="29" hits="2" branch="false"/>
            <line number="32" hits="11" branch="false"/>
            <line number="33" hits="11" branch="true" condition-coverage="100% (2/2)"/>
            <line number="35" hits="11" branch="true" condition-coverage="100% (1/1)"/>
            <line number="36" hits="6" branch="true" condition-coverage="50% (1/2)"/>
            <line number="39" hits="11" branch="false"/>
          </lines>
        </class>
        <class name="ValidateString.ts" filename="src/validators/ValidateString.ts" line-rate="0.9285" branch-rate="0.8181">
          <methods>
            <method name="(anonymous_0)" hits="58" signature="()V">
              <lines>
                <line number="15" hits="58"/>
              </lines>
            </method>
            <method name="(anonymous_1)" hits="11" signature="()V">
              <lines>
                <line number="18" hits="11"/>
              </lines>
            </method>
          </methods>
          <lines>
            <line number="15" hits="28" branch="true" condition-coverage="0% (0/1)"/>
            <line number="16" hits="58" branch="false"/>
            <line number="18" hits="58" branch="false"/>
            <line number="19" hits="11" branch="false"/>
            <line number="20" hits="11" branch="true" condition-coverage="0% (0/1)"/>
            <line number="21" hits="0" branch="false"/>
            <line number="23" hits="11" branch="false"/>
            <line number="26" hits="58" branch="true" condition-coverage="100% (3/3)"/>
            <line number="27" hits="5" branch="false"/>
            <line number="30" hits="58" branch="true" condition-coverage="100% (3/3)"/>
            <line number="31" hits="3" branch="false"/>
            <line number="34" hits="58" branch="true" condition-coverage="100% (3/3)"/>
            <line number="35" hits="3" branch="false"/>
            <line number="38" hits="58" branch="false"/>
          </lines>
        </class>
        <class name="index.ts" filename="src/validators/index.ts" line-rate="1" branch-rate="1">
          <methods>
            <method name="(anonymous_0)" hits="22" signature="()V">
              <lines>
                <line number="1" hits="22"/>
              </lines>
            </method>
            <method name="(anonymous_1)" hits="9" signature="()V">
              <lines>
                <line number="2" hits="9"/>
              </lines>
            </method>
            <method name="(anonymous_2)" hits="18" signature="()V">
              <lines>
                <line number="3" hits="18"/>
              </lines>
            </method>
            <method name="(anonymous_3)" hits="17" signature="()V">
              <lines>
                <line number="4" hits="17"/>
              </lines>
            </method>
            <method name="(anonymous_4)" hits="11" signature="()V">
              <lines>
                <line number="5" hits="11"/>
              </lines>
            </method>
            <method name="(anonymous_5)" hits="52" signature="()V">
              <lines>
                <line number="6" hits="52"/>
              </lines>
            </method>
            <method name="(anonymous_6)" hits="15" signature="()V">
              <lines>
                <line number="7" hits="15"/>
              </lines>
            </method>
            <method name="(anonymous_7)" hits="13" signature="()V">
              <lines>
                <line number="8" hits="13"/>
              </lines>
            </method>
            <method name="(anonymous_8)" hits="58" signature="()V">
              <lines>
                <line number="9" hits="58"/>
              </lines>
            </method>
            <method name="(anonymous_9)" hits="14" signature="()V">
              <lines>
                <line number="10" hits="14"/>
              </lines>
            </method>
            <method name="(anonymous_10)" hits="5" signature="()V">
              <lines>
                <line number="11" hits="5"/>
              </lines>
            </method>
            <method name="(anonymous_11)" hits="18" signature="()V">
              <lines>
                <line number="12" hits="18"/>
              </lines>
            </method>
            <method name="(anonymous_12)" hits="52" signature="()V">
              <lines>
                <line number="13" hits="52"/>
              </lines>
            </method>
          </methods>
          <lines>
            <line number="1" hits="50" branch="false"/>
            <line number="2" hits="37" branch="false"/>
            <line number="3" hits="46" branch="false"/>
            <line number="4" hits="45" branch="false"/>
            <line number="5" hits="39" branch="false"/>
            <line number="6" hits="80" branch="false"/>
            <line number="7" hits="43" branch="false"/>
            <line number="8" hits="41" branch="false"/>
            <line number="9" hits="86" branch="false"/>
            <line number="10" hits="42" branch="false"/>
            <line number="11" hits="33" branch="false"/>
            <line number="12" hits="46" branch="false"/>
            <line number="13" hits="80" branch="false"/>
          </lines>
        </class>
      </classes>
    </package>
  </packages>
</coverage>
