TN:
SF:src/validators/ValidateArray.ts
FN:3,(anonymous_0)
FN:38,(anonymous_1)
FNF:2
FNH:2
FNDA:16,(anonymous_0)
FNDA:12,(anonymous_1)
DA:3,1
DA:7,16
DA:10,16
DA:11,1
DA:12,1
DA:19,15
DA:20,2
DA:24,15
DA:25,2
DA:29,15
DA:30,3
DA:31,3
DA:32,2
DA:37,15
DA:38,4
DA:40,12
DA:41,12
DA:42,4
DA:43,4
DA:49,15
LF:20
LH:20
BRDA:5,0,0,0
BRDA:10,1,0,1
BRDA:19,2,0,2
BRDA:19,3,0,15
BRDA:19,3,1,5
BRDA:24,4,0,2
BRDA:24,5,0,15
BRDA:24,5,1,5
BRDA:29,6,0,3
BRDA:31,7,0,2
BRDA:37,8,0,4
BRDA:40,9,0,12
BRDA:40,9,1,0
BRDA:41,10,0,4
BRDA:41,11,0,12
BRDA:41,11,1,12
BRDA:42,12,0,4
BRF:17
BRH:15
end_of_record
TN:
SF:src/validators/ValidateDate.ts
FN:4,(anonymous_0)
FNF:1
FNH:1
FNDA:5,(anonymous_0)
DA:4,1
DA:8,5
DA:9,5
DA:12,5
DA:13,1
DA:16,4
DA:17,1
DA:21,4
DA:22,1
DA:26,5
LF:10
LH:10
BRDA:6,0,0,0
BRDA:12,1,0,1
BRDA:12,1,1,4
BRDA:16,2,0,1
BRDA:16,3,0,4
BRDA:16,3,1,2
BRDA:21,4,0,1
BRDA:21,5,0,4
BRDA:21,5,1,2
BRF:9
BRH:8
end_of_record
TN:
SF:src/validators/ValidateDomain.ts
FN:19,(anonymous_0)
FN:26,(anonymous_1)
FNF:2
FNH:2
FNDA:12,(anonymous_0)
FNDA:4,(anonymous_1)
DA:3,1
DA:6,1
DA:17,1
DA:19,1
DA:23,12
DA:26,12
DA:27,4
DA:28,4
DA:29,3
DA:30,2
DA:31,2
DA:32,0
DA:34,2
DA:36,2
DA:40,12
DA:42,2
DA:43,1
DA:45,2
DA:47,2
DA:48,1
DA:50,2
DA:52,6
DA:55,4
DA:56,2
DA:58,4
DA:61,2
DA:64,2
DA:65,1
DA:67,2
DA:69,0
DA:72,10
LF:31
LH:29
BRDA:31,0,0,0
BRDA:40,1,0,2
BRDA:40,1,1,2
BRDA:40,1,2,6
BRDA:40,1,3,2
BRDA:40,1,4,0
BRDA:42,2,0,1
BRDA:47,3,0,1
BRDA:52,4,0,6
BRDA:52,4,1,5
BRDA:52,5,0,4
BRDA:52,5,1,2
BRDA:52,6,0,6
BRDA:52,6,1,6
BRDA:53,7,0,4
BRDA:53,7,1,1
BRDA:53,8,0,4
BRDA:53,8,1,0
BRDA:55,9,0,2
BRDA:61,10,0,2
BRDA:61,10,1,1
BRDA:61,11,0,0
BRDA:61,11,1,2
BRDA:61,12,0,2
BRDA:61,12,1,2
BRDA:62,13,0,0
BRDA:62,13,1,1
BRDA:62,14,0,0
BRDA:62,14,1,0
BRDA:64,15,0,1
BRF:30
BRH:23
end_of_record
